<?xml version="1.0" encoding="UTF-8"?>
<testsuite xmlns:xsi="http://www.w3.org/2001/XMLSchema-instance" xsi:noNamespaceSchemaLocation="https://maven.apache.org/surefire/maven-surefire-plugin/xsd/surefire-test-report-3.0.xsd" version="3.0" name="org.joaquinalvarez.argentinaprograma.ejercicios.guia6.CalculadoraTest" time="0.093" tests="4" errors="0" skipped="0" failures="0">
  <properties>
[...]
</properties>
  <testcase name="multiplicarDosNumeros" classname="org.joaquinalvarez.argentinaprograma.ejercicios.guia6.CalculadoraTest" time="0.039"/>
  <testcase name="sumarDosNumerosYDividirlos" classname="org.joaquinalvarez.argentinaprograma.ejercicios.guia6.CalculadoraTest" time="0.001"/>
  <testcase name="restarDosNumerosYMultiplicarlosConError" classname="org.joaquinalvarez.argentinaprograma.ejercicios.guia6.CalculadoraTest" time="0.003"/>
  <testcase name="sumarDosNumerosYMultiplicarlos" classname="org.joaquinalvarez.argentinaprograma.ejercicios.guia6.CalculadoraTest" time="0.001"/>
</testsuite>